android/app/build/intermediates/manifest_merge_blame_file/debug/manifest-merger-blame-debug-report.txt
1<?xml version="1.0" encoding="utf-8"?>
2<manifest xmlns:android="http://schemas.android.com/apk/res/android"
3    package="com.hhcmobile"
4    android:versionCode="1"
5    android:versionName="1.0" >
6
7    <uses-sdk
8        android:minSdkVersion="21"
9        android:targetSdkVersion="31" />
10
11    <uses-permission android:name="android.permission.SYSTEM_ALERT_WINDOW" />
11-->src/debug/AndroidManifest.xml:5:5-77
11-->src/debug/AndroidManifest.xml:5:22-75
12    <uses-permission android:name="android.permission.INTERNET" />
12-->src/main/AndroidManifest.xml:4:5-67
12-->src/main/AndroidManifest.xml:4:22-64
13    <uses-permission android:name="android.permission.WRITE_EXTERNAL_STORAGE" />
13-->src/main/AndroidManifest.xml:5:5-81
13-->src/main/AndroidManifest.xml:5:22-78
14    <uses-permission android:name="android.permission.ACCESS_WIFI_STATE" /> <!-- Required to access Google Play Licensing -->
14-->[com.facebook.flipper:flipper:0.125.0] AndroidManifest.xml:16:5-76
14-->[com.facebook.flipper:flipper:0.125.0] AndroidManifest.xml:16:22-73
15    <uses-permission android:name="com.android.vending.CHECK_LICENSE" />
15-->[:rn-fetch-blob] AndroidManifest.xml:10:5-73
15-->[:rn-fetch-blob] AndroidManifest.xml:10:22-70
16    <!--
17         Required to keep CPU alive while downloading files
18        (NOT to keep screen awake)
19    -->
20    <uses-permission android:name="android.permission.WAKE_LOCK" />
20-->[:rn-fetch-blob] AndroidManifest.xml:19:5-68
20-->[:rn-fetch-blob] AndroidManifest.xml:19:22-65
21    <!--
22         Required to poll the state of the network connection
23        and respond to changes
24    -->
25    <uses-permission android:name="android.permission.ACCESS_NETWORK_STATE" />
25-->[:rn-fetch-blob] AndroidManifest.xml:25:5-79
25-->[:rn-fetch-blob] AndroidManifest.xml:25:22-76
26
27    <application
27-->src/main/AndroidManifest.xml:6:5-27:19
28        android:name="com.hhcmobile.MainApplication"
28-->src/main/AndroidManifest.xml:7:7-38
29        android:allowBackup="false"
29-->src/main/AndroidManifest.xml:11:7-34
30        android:appComponentFactory="androidx.core.app.CoreComponentFactory"
30-->[androidx.core:core:1.6.0] AndroidManifest.xml:24:18-86
31        android:debuggable="true"
32        android:icon="@mipmap/ic_launcher"
32-->src/main/AndroidManifest.xml:9:7-41
33        android:label="@string/app_name"
33-->src/main/AndroidManifest.xml:8:7-39
34        android:roundIcon="@mipmap/ic_launcher_round"
34-->src/main/AndroidManifest.xml:10:7-52
35        android:theme="@style/AppTheme"
35-->src/main/AndroidManifest.xml:12:7-38
36        android:usesCleartextTraffic="true" >
36-->src/debug/AndroidManifest.xml:8:9-44
37        <activity
37-->src/debug/AndroidManifest.xml:11:9-111
38            android:name="com.facebook.react.devsupport.DevSettingsActivity"
38-->src/debug/AndroidManifest.xml:11:19-83
39            android:exported="false" />
39-->src/debug/AndroidManifest.xml:11:84-108
40        <activity
40-->src/main/AndroidManifest.xml:13:7-26:18
41            android:name="com.hhcmobile.MainActivity"
41-->src/main/AndroidManifest.xml:14:9-37
42            android:configChanges="keyboard|keyboardHidden|orientation|screenLayout|screenSize|smallestScreenSize|uiMode"
42-->src/main/AndroidManifest.xml:16:9-118
43            android:exported="true"
43-->src/main/AndroidManifest.xml:20:9-32
44            android:label="@string/app_name"
44-->src/main/AndroidManifest.xml:15:9-41
45            android:launchMode="singleTask"
45-->src/main/AndroidManifest.xml:17:9-40
46            android:screenOrientation="portrait"
46-->src/main/AndroidManifest.xml:19:9-45
47            android:windowSoftInputMode="adjustResize" >
47-->src/main/AndroidManifest.xml:18:9-51
48            <intent-filter>
48-->src/main/AndroidManifest.xml:21:9-25:25
49                <action android:name="android.intent.action.MAIN" />
49-->src/main/AndroidManifest.xml:22:13-65
49-->src/main/AndroidManifest.xml:22:21-62
50
51                <category android:name="android.intent.category.LAUNCHER" />
51-->src/main/AndroidManifest.xml:23:13-73
51-->src/main/AndroidManifest.xml:23:23-70
52
53                <action android:name="android.intent.action.DOWNLOAD_COMPLETE" />
53-->src/main/AndroidManifest.xml:24:13-77
53-->src/main/AndroidManifest.xml:24:21-75
54            </intent-filter>
55        </activity>
56
57        <provider
57-->[:react-native-share] AndroidManifest.xml:10:9-18:20
58            android:name="cl.json.RNShareFileProvider"
58-->[:react-native-share] AndroidManifest.xml:11:13-55
59            android:authorities="com.hhcmobile.rnshare.fileprovider"
59-->[:react-native-share] AndroidManifest.xml:12:13-72
60            android:exported="false"
60-->[:react-native-share] AndroidManifest.xml:13:13-37
61            android:grantUriPermissions="true" >
61-->[:react-native-share] AndroidManifest.xml:14:13-47
62            <meta-data
62-->[:react-native-share] AndroidManifest.xml:15:13-17:64
63                android:name="android.support.FILE_PROVIDER_PATHS"
63-->[:react-native-share] AndroidManifest.xml:16:17-67
64                android:resource="@xml/share_download_paths" />
64-->[:react-native-share] AndroidManifest.xml:17:17-61
65        </provider>
66        <provider
66-->[:rn-fetch-blob] AndroidManifest.xml:34:9-42:20
67            android:name="com.RNFetchBlob.Utils.FileProvider"
67-->[:rn-fetch-blob] AndroidManifest.xml:35:13-62
68            android:authorities="com.hhcmobile.provider"
68-->[:rn-fetch-blob] AndroidManifest.xml:36:13-60
69            android:exported="false"
69-->[:rn-fetch-blob] AndroidManifest.xml:37:13-37
70            android:grantUriPermissions="true" >
70-->[:rn-fetch-blob] AndroidManifest.xml:38:13-47
71            <meta-data
71-->[:react-native-share] AndroidManifest.xml:15:13-17:64
72                android:name="android.support.FILE_PROVIDER_PATHS"
72-->[:react-native-share] AndroidManifest.xml:16:17-67
73                android:resource="@xml/provider_paths" />
73-->[:react-native-share] AndroidManifest.xml:17:17-61
74        </provider>
75    </application>
76
77</manifest>